<?xml version="1.0" encoding="UTF-8"?>
<testsuite name="factory.MeasureHighPerformancePoolImplTest.PoolFactoryImplTest" tests="1" skipped="0" failures="0" errors="0" timestamp="2021-10-26T16:29:33" hostname="MacBook-Pro-Evgenij.local" time="0.023">
  <properties/>
  <testcase name="verifyCreate()" classname="factory.MeasureHighPerformancePoolImplTest.PoolFactoryImplTest" time="0.023"/>
  <system-out><![CDATA[]]></system-out>
  <system-err><![CDATA[]]></system-err>
</testsuite>
